2025-12-17 02:13:55,299 - INFO - Processing Engineering Drawing - Group - 9_table_0.csv
2025-12-17 02:13:55,340 - INFO - Saved validated file: validated_Engineering Drawing - Group - 9_table_0.csv
2025-12-17 02:13:55,340 - INFO - Processing Engineering Drawing - Group - 9_table_1.csv
2025-12-17 02:13:55,358 - INFO - Saved validated file: validated_Engineering Drawing - Group - 9_table_1.csv
2025-12-17 02:13:55,358 - INFO - Processing Engineering Drawing - Group - 9_table_10.csv
2025-12-17 02:14:41,149 - INFO - Processing Engineering Drawing - Group - 9_table_0.csv
2025-12-17 02:14:41,164 - INFO - Saved validated file: validated_Engineering Drawing - Group - 9_table_0.csv
2025-12-17 02:14:41,164 - INFO - Processing Engineering Drawing - Group - 9_table_1.csv
2025-12-17 02:14:41,173 - INFO - Saved validated file: validated_Engineering Drawing - Group - 9_table_1.csv
2025-12-17 02:14:41,173 - INFO - Processing Engineering Drawing - Group - 9_table_10.csv
2025-12-17 02:15:57,441 - INFO - Processing Engineering Drawing - Group - 9_table_0.csv
2025-12-17 02:15:57,474 - INFO - Saved validated_Engineering Drawing - Group - 9_table_0.csv
2025-12-17 02:15:57,474 - INFO - Processing Engineering Drawing - Group - 9_table_1.csv
2025-12-17 02:15:57,493 - INFO - Saved validated_Engineering Drawing - Group - 9_table_1.csv
2025-12-17 02:15:57,493 - INFO - Processing Engineering Drawing - Group - 9_table_10.csv
2025-12-17 02:15:57,502 - WARNING - Engineering Drawing - Group - 9_table_10.csv: Extra columns detected, trimming to first 3
2025-12-17 02:15:57,514 - INFO - Saved validated_Engineering Drawing - Group - 9_table_10.csv
2025-12-17 02:15:57,514 - INFO - Processing Engineering Drawing - Group - 9_table_100.csv
2025-12-17 02:15:57,517 - WARNING - Engineering Drawing - Group - 9_table_100.csv: Extra columns detected, trimming to first 3
2025-12-17 02:15:57,526 - INFO - Saved validated_Engineering Drawing - Group - 9_table_100.csv
2025-12-17 02:15:57,526 - INFO - Processing Engineering Drawing - Group - 9_table_101.csv
2025-12-17 02:15:57,530 - WARNING - Engineering Drawing - Group - 9_table_101.csv: Not enough columns, skipping
2025-12-17 02:15:57,531 - INFO - Processing Engineering Drawing - Group - 9_table_102.csv
2025-12-17 02:15:57,545 - INFO - Saved validated_Engineering Drawing - Group - 9_table_102.csv
2025-12-17 02:15:57,545 - INFO - Processing Engineering Drawing - Group - 9_table_103.csv
2025-12-17 02:15:57,549 - WARNING - Engineering Drawing - Group - 9_table_103.csv: Extra columns detected, trimming to first 3
2025-12-17 02:15:57,557 - INFO - Saved validated_Engineering Drawing - Group - 9_table_103.csv
2025-12-17 02:15:57,557 - INFO - Processing Engineering Drawing - Group - 9_table_104.csv
2025-12-17 02:15:57,567 - INFO - Saved validated_Engineering Drawing - Group - 9_table_104.csv
2025-12-17 02:15:57,567 - INFO - Processing Engineering Drawing - Group - 9_table_105.csv
2025-12-17 02:15:57,578 - INFO - Saved validated_Engineering Drawing - Group - 9_table_105.csv
2025-12-17 02:15:57,582 - INFO - Processing Engineering Drawing - Group - 9_table_106.csv
2025-12-17 02:15:57,586 - WARNING - Engineering Drawing - Group - 9_table_106.csv: Extra columns detected, trimming to first 3
2025-12-17 02:15:57,591 - INFO - Saved validated_Engineering Drawing - Group - 9_table_106.csv
2025-12-17 02:15:57,591 - INFO - Processing Engineering Drawing - Group - 9_table_107.csv
2025-12-17 02:15:57,594 - WARNING - Engineering Drawing - Group - 9_table_107.csv: Extra columns detected, trimming to first 3
2025-12-17 02:15:57,598 - INFO - Saved validated_Engineering Drawing - Group - 9_table_107.csv
2025-12-17 02:15:57,598 - INFO - Processing Engineering Drawing - Group - 9_table_108.csv
2025-12-17 02:15:57,603 - WARNING - Engineering Drawing - Group - 9_table_108.csv: Not enough columns, skipping
2025-12-17 02:15:57,603 - INFO - Processing Engineering Drawing - Group - 9_table_109.csv
2025-12-17 02:15:57,609 - WARNING - Engineering Drawing - Group - 9_table_109.csv: Extra columns detected, trimming to first 3
2025-12-17 02:15:57,614 - INFO - Saved validated_Engineering Drawing - Group - 9_table_109.csv
2025-12-17 02:15:57,614 - INFO - Processing Engineering Drawing - Group - 9_table_11.csv
2025-12-17 02:15:57,614 - WARNING - Engineering Drawing - Group - 9_table_11.csv: Extra columns detected, trimming to first 3
2025-12-17 02:15:57,624 - INFO - Saved validated_Engineering Drawing - Group - 9_table_11.csv
2025-12-17 02:15:57,624 - INFO - Processing Engineering Drawing - Group - 9_table_110.csv
2025-12-17 02:15:57,628 - WARNING - Engineering Drawing - Group - 9_table_110.csv: Extra columns detected, trimming to first 3
2025-12-17 02:15:57,635 - INFO - Saved validated_Engineering Drawing - Group - 9_table_110.csv
2025-12-17 02:15:57,635 - INFO - Processing Engineering Drawing - Group - 9_table_111.csv
2025-12-17 02:15:57,639 - WARNING - Engineering Drawing - Group - 9_table_111.csv: Not enough columns, skipping
2025-12-17 02:15:57,639 - INFO - Processing Engineering Drawing - Group - 9_table_112.csv
2025-12-17 02:15:57,644 - WARNING - Engineering Drawing - Group - 9_table_112.csv: Extra columns detected, trimming to first 3
2025-12-17 02:15:57,655 - INFO - Saved validated_Engineering Drawing - Group - 9_table_112.csv
2025-12-17 02:15:57,655 - INFO - Processing Engineering Drawing - Group - 9_table_113.csv
2025-12-17 02:15:57,665 - INFO - Saved validated_Engineering Drawing - Group - 9_table_113.csv
2025-12-17 02:15:57,665 - INFO - Processing Engineering Drawing - Group - 9_table_114.csv
2025-12-17 02:15:57,665 - WARNING - Engineering Drawing - Group - 9_table_114.csv: Not enough columns, skipping
2025-12-17 02:15:57,665 - INFO - Processing Engineering Drawing - Group - 9_table_115.csv
2025-12-17 02:15:57,674 - WARNING - Engineering Drawing - Group - 9_table_115.csv: Extra columns detected, trimming to first 3
2025-12-17 02:15:57,685 - INFO - Saved validated_Engineering Drawing - Group - 9_table_115.csv
2025-12-17 02:15:57,685 - INFO - Processing Engineering Drawing - Group - 9_table_116.csv
2025-12-17 02:15:57,692 - INFO - Saved validated_Engineering Drawing - Group - 9_table_116.csv
2025-12-17 02:15:57,692 - INFO - Processing Engineering Drawing - Group - 9_table_117.csv
2025-12-17 02:15:57,702 - INFO - Saved validated_Engineering Drawing - Group - 9_table_117.csv
2025-12-17 02:15:57,702 - INFO - Processing Engineering Drawing - Group - 9_table_118.csv
2025-12-17 02:15:57,707 - WARNING - Engineering Drawing - Group - 9_table_118.csv: Extra columns detected, trimming to first 3
2025-12-17 02:15:57,716 - INFO - Saved validated_Engineering Drawing - Group - 9_table_118.csv
2025-12-17 02:15:57,716 - INFO - Processing Engineering Drawing - Group - 9_table_119.csv
2025-12-17 02:15:57,719 - WARNING - Engineering Drawing - Group - 9_table_119.csv: Not enough columns, skipping
2025-12-17 02:15:57,719 - INFO - Processing Engineering Drawing - Group - 9_table_12.csv
2025-12-17 02:15:57,724 - WARNING - Engineering Drawing - Group - 9_table_12.csv: Extra columns detected, trimming to first 3
2025-12-17 02:15:57,727 - INFO - Saved validated_Engineering Drawing - Group - 9_table_12.csv
2025-12-17 02:15:57,727 - INFO - Processing Engineering Drawing - Group - 9_table_120.csv
2025-12-17 02:15:57,731 - WARNING - Engineering Drawing - Group - 9_table_120.csv: Extra columns detected, trimming to first 3
2025-12-17 02:15:57,739 - INFO - Saved validated_Engineering Drawing - Group - 9_table_120.csv
2025-12-17 02:15:57,739 - INFO - Processing Engineering Drawing - Group - 9_table_121.csv
2025-12-17 02:15:57,749 - INFO - Saved validated_Engineering Drawing - Group - 9_table_121.csv
2025-12-17 02:15:57,749 - INFO - Processing Engineering Drawing - Group - 9_table_122.csv
2025-12-17 02:15:57,751 - WARNING - Engineering Drawing - Group - 9_table_122.csv: Not enough columns, skipping
2025-12-17 02:15:57,753 - INFO - Processing Engineering Drawing - Group - 9_table_123.csv
2025-12-17 02:15:57,757 - WARNING - Engineering Drawing - Group - 9_table_123.csv: Not enough columns, skipping
2025-12-17 02:15:57,757 - INFO - Processing Engineering Drawing - Group - 9_table_124.csv
2025-12-17 02:15:57,760 - WARNING - Engineering Drawing - Group - 9_table_124.csv: Not enough columns, skipping
2025-12-17 02:15:57,760 - INFO - Processing Engineering Drawing - Group - 9_table_125.csv
2025-12-17 02:15:57,760 - WARNING - Engineering Drawing - Group - 9_table_125.csv: Extra columns detected, trimming to first 3
2025-12-17 02:15:57,768 - INFO - Saved validated_Engineering Drawing - Group - 9_table_125.csv
2025-12-17 02:15:57,768 - INFO - Processing Engineering Drawing - Group - 9_table_13.csv
2025-12-17 02:15:57,774 - WARNING - Engineering Drawing - Group - 9_table_13.csv: Extra columns detected, trimming to first 3
2025-12-17 02:15:57,780 - INFO - Saved validated_Engineering Drawing - Group - 9_table_13.csv
2025-12-17 02:15:57,780 - INFO - Processing Engineering Drawing - Group - 9_table_14.csv
2025-12-17 02:15:57,801 - INFO - Saved validated_Engineering Drawing - Group - 9_table_14.csv
2025-12-17 02:15:57,803 - INFO - Processing Engineering Drawing - Group - 9_table_15.csv
2025-12-17 02:15:57,807 - WARNING - Engineering Drawing - Group - 9_table_15.csv: Extra columns detected, trimming to first 3
2025-12-17 02:15:57,815 - INFO - Saved validated_Engineering Drawing - Group - 9_table_15.csv
2025-12-17 02:15:57,817 - INFO - Processing Engineering Drawing - Group - 9_table_16.csv
2025-12-17 02:15:57,820 - WARNING - Engineering Drawing - Group - 9_table_16.csv: Extra columns detected, trimming to first 3
2025-12-17 02:15:57,830 - INFO - Saved validated_Engineering Drawing - Group - 9_table_16.csv
2025-12-17 02:15:57,830 - INFO - Processing Engineering Drawing - Group - 9_table_17.csv
2025-12-17 02:15:57,837 - WARNING - Engineering Drawing - Group - 9_table_17.csv: Extra columns detected, trimming to first 3
2025-12-17 02:15:57,842 - INFO - Saved validated_Engineering Drawing - Group - 9_table_17.csv
2025-12-17 02:15:57,842 - INFO - Processing Engineering Drawing - Group - 9_table_18.csv
2025-12-17 02:15:57,849 - WARNING - Engineering Drawing - Group - 9_table_18.csv: Extra columns detected, trimming to first 3
2025-12-17 02:15:57,858 - INFO - Saved validated_Engineering Drawing - Group - 9_table_18.csv
2025-12-17 02:15:57,858 - INFO - Processing Engineering Drawing - Group - 9_table_19.csv
2025-12-17 02:15:57,871 - INFO - Saved validated_Engineering Drawing - Group - 9_table_19.csv
2025-12-17 02:15:57,871 - INFO - Processing Engineering Drawing - Group - 9_table_2.csv
2025-12-17 02:15:57,881 - INFO - Saved validated_Engineering Drawing - Group - 9_table_2.csv
2025-12-17 02:15:57,881 - INFO - Processing Engineering Drawing - Group - 9_table_20.csv
2025-12-17 02:15:57,889 - INFO - Saved validated_Engineering Drawing - Group - 9_table_20.csv
2025-12-17 02:15:57,889 - INFO - Processing Engineering Drawing - Group - 9_table_21.csv
2025-12-17 02:15:57,897 - INFO - Saved validated_Engineering Drawing - Group - 9_table_21.csv
2025-12-17 02:15:57,897 - INFO - Processing Engineering Drawing - Group - 9_table_22.csv
2025-12-17 02:15:57,900 - WARNING - Engineering Drawing - Group - 9_table_22.csv: Extra columns detected, trimming to first 3
2025-12-17 02:15:57,906 - INFO - Saved validated_Engineering Drawing - Group - 9_table_22.csv
2025-12-17 02:15:57,906 - INFO - Processing Engineering Drawing - Group - 9_table_23.csv
2025-12-17 02:15:57,914 - INFO - Saved validated_Engineering Drawing - Group - 9_table_23.csv
2025-12-17 02:15:57,914 - INFO - Processing Engineering Drawing - Group - 9_table_24.csv
2025-12-17 02:15:57,924 - INFO - Saved validated_Engineering Drawing - Group - 9_table_24.csv
2025-12-17 02:15:57,924 - INFO - Processing Engineering Drawing - Group - 9_table_25.csv
2025-12-17 02:15:57,937 - INFO - Saved validated_Engineering Drawing - Group - 9_table_25.csv
2025-12-17 02:15:57,937 - INFO - Processing Engineering Drawing - Group - 9_table_26.csv
2025-12-17 02:15:57,945 - WARNING - Engineering Drawing - Group - 9_table_26.csv: Extra columns detected, trimming to first 3
2025-12-17 02:15:57,951 - INFO - Saved validated_Engineering Drawing - Group - 9_table_26.csv
2025-12-17 02:15:57,951 - INFO - Processing Engineering Drawing - Group - 9_table_27.csv
2025-12-17 02:15:57,956 - WARNING - Engineering Drawing - Group - 9_table_27.csv: Not enough columns, skipping
2025-12-17 02:15:57,956 - INFO - Processing Engineering Drawing - Group - 9_table_28.csv
2025-12-17 02:15:57,959 - WARNING - Engineering Drawing - Group - 9_table_28.csv: Not enough columns, skipping
2025-12-17 02:15:57,959 - INFO - Processing Engineering Drawing - Group - 9_table_29.csv
2025-12-17 02:15:57,964 - WARNING - Engineering Drawing - Group - 9_table_29.csv: Not enough columns, skipping
2025-12-17 02:15:57,964 - INFO - Processing Engineering Drawing - Group - 9_table_3.csv
2025-12-17 02:15:57,971 - INFO - Saved validated_Engineering Drawing - Group - 9_table_3.csv
2025-12-17 02:15:57,971 - INFO - Processing Engineering Drawing - Group - 9_table_30.csv
2025-12-17 02:15:57,971 - WARNING - Engineering Drawing - Group - 9_table_30.csv: Extra columns detected, trimming to first 3
2025-12-17 02:15:57,980 - INFO - Saved validated_Engineering Drawing - Group - 9_table_30.csv
2025-12-17 02:15:57,980 - INFO - Processing Engineering Drawing - Group - 9_table_31.csv
2025-12-17 02:15:57,988 - INFO - Saved validated_Engineering Drawing - Group - 9_table_31.csv
2025-12-17 02:15:57,988 - INFO - Processing Engineering Drawing - Group - 9_table_32.csv
2025-12-17 02:15:57,988 - WARNING - Engineering Drawing - Group - 9_table_32.csv: Not enough columns, skipping
2025-12-17 02:15:57,988 - INFO - Processing Engineering Drawing - Group - 9_table_33.csv
2025-12-17 02:15:58,005 - INFO - Saved validated_Engineering Drawing - Group - 9_table_33.csv
2025-12-17 02:15:58,005 - INFO - Processing Engineering Drawing - Group - 9_table_34.csv
2025-12-17 02:15:58,005 - WARNING - Engineering Drawing - Group - 9_table_34.csv: Extra columns detected, trimming to first 3
2025-12-17 02:15:58,014 - INFO - Saved validated_Engineering Drawing - Group - 9_table_34.csv
2025-12-17 02:15:58,014 - INFO - Processing Engineering Drawing - Group - 9_table_35.csv
2025-12-17 02:15:58,014 - WARNING - Engineering Drawing - Group - 9_table_35.csv: Extra columns detected, trimming to first 3
2025-12-17 02:15:58,025 - INFO - Saved validated_Engineering Drawing - Group - 9_table_35.csv
2025-12-17 02:15:58,025 - INFO - Processing Engineering Drawing - Group - 9_table_36.csv
2025-12-17 02:15:58,036 - INFO - Saved validated_Engineering Drawing - Group - 9_table_36.csv
2025-12-17 02:15:58,036 - INFO - Processing Engineering Drawing - Group - 9_table_37.csv
2025-12-17 02:15:58,041 - WARNING - Engineering Drawing - Group - 9_table_37.csv: Not enough columns, skipping
2025-12-17 02:15:58,041 - INFO - Processing Engineering Drawing - Group - 9_table_38.csv
2025-12-17 02:15:58,041 - WARNING - Engineering Drawing - Group - 9_table_38.csv: Not enough columns, skipping
2025-12-17 02:15:58,041 - INFO - Processing Engineering Drawing - Group - 9_table_39.csv
2025-12-17 02:15:58,047 - WARNING - Engineering Drawing - Group - 9_table_39.csv: Not enough columns, skipping
2025-12-17 02:15:58,047 - INFO - Processing Engineering Drawing - Group - 9_table_4.csv
2025-12-17 02:15:58,054 - WARNING - Engineering Drawing - Group - 9_table_4.csv: Not enough columns, skipping
2025-12-17 02:15:58,054 - INFO - Processing Engineering Drawing - Group - 9_table_40.csv
2025-12-17 02:15:58,058 - WARNING - Engineering Drawing - Group - 9_table_40.csv: Not enough columns, skipping
2025-12-17 02:15:58,060 - INFO - Processing Engineering Drawing - Group - 9_table_41.csv
2025-12-17 02:15:58,070 - WARNING - Engineering Drawing - Group - 9_table_41.csv: Not enough columns, skipping
2025-12-17 02:15:58,070 - INFO - Processing Engineering Drawing - Group - 9_table_42.csv
2025-12-17 02:15:58,074 - WARNING - Engineering Drawing - Group - 9_table_42.csv: Not enough columns, skipping
2025-12-17 02:15:58,075 - INFO - Processing Engineering Drawing - Group - 9_table_43.csv
2025-12-17 02:15:58,077 - WARNING - Engineering Drawing - Group - 9_table_43.csv: Not enough columns, skipping
2025-12-17 02:15:58,079 - INFO - Processing Engineering Drawing - Group - 9_table_44.csv
2025-12-17 02:15:58,082 - WARNING - Engineering Drawing - Group - 9_table_44.csv: Not enough columns, skipping
2025-12-17 02:15:58,082 - INFO - Processing Engineering Drawing - Group - 9_table_45.csv
2025-12-17 02:15:58,086 - WARNING - Engineering Drawing - Group - 9_table_45.csv: Not enough columns, skipping
2025-12-17 02:15:58,086 - INFO - Processing Engineering Drawing - Group - 9_table_46.csv
2025-12-17 02:15:58,090 - WARNING - Engineering Drawing - Group - 9_table_46.csv: Not enough columns, skipping
2025-12-17 02:15:58,090 - INFO - Processing Engineering Drawing - Group - 9_table_47.csv
2025-12-17 02:15:58,093 - WARNING - Engineering Drawing - Group - 9_table_47.csv: Not enough columns, skipping
2025-12-17 02:15:58,093 - INFO - Processing Engineering Drawing - Group - 9_table_48.csv
2025-12-17 02:15:58,099 - WARNING - Engineering Drawing - Group - 9_table_48.csv: Not enough columns, skipping
2025-12-17 02:15:58,099 - INFO - Processing Engineering Drawing - Group - 9_table_49.csv
2025-12-17 02:15:58,108 - INFO - Saved validated_Engineering Drawing - Group - 9_table_49.csv
2025-12-17 02:15:58,108 - INFO - Processing Engineering Drawing - Group - 9_table_5.csv
2025-12-17 02:15:58,108 - WARNING - Engineering Drawing - Group - 9_table_5.csv: Extra columns detected, trimming to first 3
2025-12-17 02:15:58,120 - INFO - Saved validated_Engineering Drawing - Group - 9_table_5.csv
2025-12-17 02:15:58,120 - INFO - Processing Engineering Drawing - Group - 9_table_50.csv
2025-12-17 02:15:58,123 - WARNING - Engineering Drawing - Group - 9_table_50.csv: Not enough columns, skipping
2025-12-17 02:15:58,123 - INFO - Processing Engineering Drawing - Group - 9_table_51.csv
2025-12-17 02:15:58,137 - INFO - Saved validated_Engineering Drawing - Group - 9_table_51.csv
2025-12-17 02:15:58,138 - INFO - Processing Engineering Drawing - Group - 9_table_52.csv
2025-12-17 02:15:58,160 - INFO - Saved validated_Engineering Drawing - Group - 9_table_52.csv
2025-12-17 02:15:58,160 - INFO - Processing Engineering Drawing - Group - 9_table_53.csv
2025-12-17 02:15:58,169 - INFO - Saved validated_Engineering Drawing - Group - 9_table_53.csv
2025-12-17 02:15:58,174 - INFO - Processing Engineering Drawing - Group - 9_table_54.csv
2025-12-17 02:15:58,186 - INFO - Saved validated_Engineering Drawing - Group - 9_table_54.csv
2025-12-17 02:15:58,188 - INFO - Processing Engineering Drawing - Group - 9_table_55.csv
2025-12-17 02:15:58,192 - INFO - Saved validated_Engineering Drawing - Group - 9_table_55.csv
2025-12-17 02:15:58,192 - INFO - Processing Engineering Drawing - Group - 9_table_56.csv
2025-12-17 02:15:58,200 - WARNING - Engineering Drawing - Group - 9_table_56.csv: Extra columns detected, trimming to first 3
2025-12-17 02:15:58,200 - INFO - Saved validated_Engineering Drawing - Group - 9_table_56.csv
2025-12-17 02:15:58,200 - INFO - Processing Engineering Drawing - Group - 9_table_57.csv
2025-12-17 02:15:58,210 - WARNING - Engineering Drawing - Group - 9_table_57.csv: Extra columns detected, trimming to first 3
2025-12-17 02:15:58,220 - INFO - Saved validated_Engineering Drawing - Group - 9_table_57.csv
2025-12-17 02:15:58,220 - INFO - Processing Engineering Drawing - Group - 9_table_58.csv
2025-12-17 02:15:58,225 - WARNING - Engineering Drawing - Group - 9_table_58.csv: Not enough columns, skipping
2025-12-17 02:15:58,225 - INFO - Processing Engineering Drawing - Group - 9_table_59.csv
2025-12-17 02:15:58,233 - INFO - Saved validated_Engineering Drawing - Group - 9_table_59.csv
2025-12-17 02:15:58,233 - INFO - Processing Engineering Drawing - Group - 9_table_6.csv
2025-12-17 02:15:58,241 - WARNING - Engineering Drawing - Group - 9_table_6.csv: Extra columns detected, trimming to first 3
2025-12-17 02:15:58,241 - INFO - Saved validated_Engineering Drawing - Group - 9_table_6.csv
2025-12-17 02:15:58,241 - INFO - Processing Engineering Drawing - Group - 9_table_60.csv
2025-12-17 02:15:58,253 - WARNING - Engineering Drawing - Group - 9_table_60.csv: Not enough columns, skipping
2025-12-17 02:15:58,254 - INFO - Processing Engineering Drawing - Group - 9_table_61.csv
2025-12-17 02:15:58,258 - INFO - Saved validated_Engineering Drawing - Group - 9_table_61.csv
2025-12-17 02:15:58,258 - INFO - Processing Engineering Drawing - Group - 9_table_62.csv
2025-12-17 02:15:58,266 - WARNING - Engineering Drawing - Group - 9_table_62.csv: Extra columns detected, trimming to first 3
2025-12-17 02:15:58,268 - INFO - Saved validated_Engineering Drawing - Group - 9_table_62.csv
2025-12-17 02:15:58,268 - INFO - Processing Engineering Drawing - Group - 9_table_63.csv
2025-12-17 02:15:58,273 - WARNING - Engineering Drawing - Group - 9_table_63.csv: Extra columns detected, trimming to first 3
2025-12-17 02:15:58,273 - INFO - Saved validated_Engineering Drawing - Group - 9_table_63.csv
2025-12-17 02:15:58,273 - INFO - Processing Engineering Drawing - Group - 9_table_64.csv
2025-12-17 02:15:58,285 - INFO - Saved validated_Engineering Drawing - Group - 9_table_64.csv
2025-12-17 02:15:58,285 - INFO - Processing Engineering Drawing - Group - 9_table_65.csv
2025-12-17 02:15:58,292 - WARNING - Engineering Drawing - Group - 9_table_65.csv: Extra columns detected, trimming to first 3
2025-12-17 02:15:58,298 - INFO - Saved validated_Engineering Drawing - Group - 9_table_65.csv
2025-12-17 02:15:58,298 - INFO - Processing Engineering Drawing - Group - 9_table_66.csv
2025-12-17 02:15:58,304 - WARNING - Engineering Drawing - Group - 9_table_66.csv: Extra columns detected, trimming to first 3
2025-12-17 02:15:58,309 - INFO - Saved validated_Engineering Drawing - Group - 9_table_66.csv
2025-12-17 02:15:58,309 - INFO - Processing Engineering Drawing - Group - 9_table_67.csv
2025-12-17 02:15:58,314 - WARNING - Engineering Drawing - Group - 9_table_67.csv: Extra columns detected, trimming to first 3
2025-12-17 02:15:58,318 - INFO - Saved validated_Engineering Drawing - Group - 9_table_67.csv
2025-12-17 02:15:58,318 - INFO - Processing Engineering Drawing - Group - 9_table_68.csv
2025-12-17 02:15:58,326 - INFO - Saved validated_Engineering Drawing - Group - 9_table_68.csv
2025-12-17 02:15:58,326 - INFO - Processing Engineering Drawing - Group - 9_table_69.csv
2025-12-17 02:15:58,335 - WARNING - Engineering Drawing - Group - 9_table_69.csv: Not enough columns, skipping
2025-12-17 02:15:58,336 - INFO - Processing Engineering Drawing - Group - 9_table_7.csv
2025-12-17 02:15:58,344 - INFO - Saved validated_Engineering Drawing - Group - 9_table_7.csv
2025-12-17 02:15:58,344 - INFO - Processing Engineering Drawing - Group - 9_table_70.csv
2025-12-17 02:15:58,348 - WARNING - Engineering Drawing - Group - 9_table_70.csv: Not enough columns, skipping
2025-12-17 02:15:58,348 - INFO - Processing Engineering Drawing - Group - 9_table_71.csv
2025-12-17 02:15:58,358 - INFO - Saved validated_Engineering Drawing - Group - 9_table_71.csv
2025-12-17 02:15:58,358 - INFO - Processing Engineering Drawing - Group - 9_table_72.csv
2025-12-17 02:15:58,362 - WARNING - Engineering Drawing - Group - 9_table_72.csv: Not enough columns, skipping
2025-12-17 02:15:58,366 - INFO - Processing Engineering Drawing - Group - 9_table_73.csv
2025-12-17 02:15:58,374 - WARNING - Engineering Drawing - Group - 9_table_73.csv: Extra columns detected, trimming to first 3
2025-12-17 02:15:58,380 - INFO - Saved validated_Engineering Drawing - Group - 9_table_73.csv
2025-12-17 02:15:58,380 - INFO - Processing Engineering Drawing - Group - 9_table_74.csv
2025-12-17 02:15:58,386 - WARNING - Engineering Drawing - Group - 9_table_74.csv: Extra columns detected, trimming to first 3
2025-12-17 02:15:58,390 - INFO - Saved validated_Engineering Drawing - Group - 9_table_74.csv
2025-12-17 02:15:58,392 - INFO - Processing Engineering Drawing - Group - 9_table_75.csv
2025-12-17 02:15:58,401 - INFO - Saved validated_Engineering Drawing - Group - 9_table_75.csv
2025-12-17 02:15:58,401 - INFO - Processing Engineering Drawing - Group - 9_table_76.csv
2025-12-17 02:15:58,405 - WARNING - Engineering Drawing - Group - 9_table_76.csv: Not enough columns, skipping
2025-12-17 02:15:58,405 - INFO - Processing Engineering Drawing - Group - 9_table_77.csv
2025-12-17 02:15:58,408 - WARNING - Engineering Drawing - Group - 9_table_77.csv: Not enough columns, skipping
2025-12-17 02:15:58,408 - INFO - Processing Engineering Drawing - Group - 9_table_78.csv
2025-12-17 02:15:58,413 - WARNING - Engineering Drawing - Group - 9_table_78.csv: Extra columns detected, trimming to first 3
2025-12-17 02:15:58,421 - INFO - Saved validated_Engineering Drawing - Group - 9_table_78.csv
2025-12-17 02:15:58,421 - INFO - Processing Engineering Drawing - Group - 9_table_79.csv
2025-12-17 02:15:58,426 - WARNING - Engineering Drawing - Group - 9_table_79.csv: Extra columns detected, trimming to first 3
2025-12-17 02:15:58,433 - INFO - Saved validated_Engineering Drawing - Group - 9_table_79.csv
2025-12-17 02:15:58,435 - INFO - Processing Engineering Drawing - Group - 9_table_8.csv
2025-12-17 02:15:58,439 - WARNING - Engineering Drawing - Group - 9_table_8.csv: Extra columns detected, trimming to first 3
2025-12-17 02:15:58,454 - INFO - Saved validated_Engineering Drawing - Group - 9_table_8.csv
2025-12-17 02:15:58,454 - INFO - Processing Engineering Drawing - Group - 9_table_80.csv
2025-12-17 02:15:58,473 - INFO - Saved validated_Engineering Drawing - Group - 9_table_80.csv
2025-12-17 02:15:58,473 - INFO - Processing Engineering Drawing - Group - 9_table_81.csv
2025-12-17 02:15:58,473 - WARNING - Engineering Drawing - Group - 9_table_81.csv: Extra columns detected, trimming to first 3
2025-12-17 02:15:58,490 - INFO - Saved validated_Engineering Drawing - Group - 9_table_81.csv
2025-12-17 02:15:58,490 - INFO - Processing Engineering Drawing - Group - 9_table_82.csv
2025-12-17 02:15:58,497 - INFO - Saved validated_Engineering Drawing - Group - 9_table_82.csv
2025-12-17 02:15:58,497 - INFO - Processing Engineering Drawing - Group - 9_table_83.csv
2025-12-17 02:15:58,504 - WARNING - Engineering Drawing - Group - 9_table_83.csv: Extra columns detected, trimming to first 3
2025-12-17 02:15:58,515 - INFO - Saved validated_Engineering Drawing - Group - 9_table_83.csv
2025-12-17 02:15:58,515 - INFO - Processing Engineering Drawing - Group - 9_table_84.csv
2025-12-17 02:15:58,522 - WARNING - Engineering Drawing - Group - 9_table_84.csv: Extra columns detected, trimming to first 3
2025-12-17 02:15:58,529 - INFO - Saved validated_Engineering Drawing - Group - 9_table_84.csv
2025-12-17 02:15:58,529 - INFO - Processing Engineering Drawing - Group - 9_table_85.csv
2025-12-17 02:15:58,536 - WARNING - Engineering Drawing - Group - 9_table_85.csv: Not enough columns, skipping
2025-12-17 02:15:58,536 - INFO - Processing Engineering Drawing - Group - 9_table_86.csv
2025-12-17 02:15:58,540 - WARNING - Engineering Drawing - Group - 9_table_86.csv: Extra columns detected, trimming to first 3
2025-12-17 02:15:58,540 - INFO - Saved validated_Engineering Drawing - Group - 9_table_86.csv
2025-12-17 02:15:58,540 - INFO - Processing Engineering Drawing - Group - 9_table_87.csv
2025-12-17 02:15:58,556 - INFO - Saved validated_Engineering Drawing - Group - 9_table_87.csv
2025-12-17 02:15:58,556 - INFO - Processing Engineering Drawing - Group - 9_table_88.csv
2025-12-17 02:15:58,558 - WARNING - Engineering Drawing - Group - 9_table_88.csv: Extra columns detected, trimming to first 3
2025-12-17 02:15:58,566 - INFO - Saved validated_Engineering Drawing - Group - 9_table_88.csv
2025-12-17 02:15:58,566 - INFO - Processing Engineering Drawing - Group - 9_table_89.csv
2025-12-17 02:15:58,571 - WARNING - Engineering Drawing - Group - 9_table_89.csv: Extra columns detected, trimming to first 3
2025-12-17 02:15:58,573 - INFO - Saved validated_Engineering Drawing - Group - 9_table_89.csv
2025-12-17 02:15:58,573 - INFO - Processing Engineering Drawing - Group - 9_table_9.csv
2025-12-17 02:15:58,583 - WARNING - Engineering Drawing - Group - 9_table_9.csv: Not enough columns, skipping
2025-12-17 02:15:58,583 - INFO - Processing Engineering Drawing - Group - 9_table_90.csv
2025-12-17 02:15:58,587 - WARNING - Engineering Drawing - Group - 9_table_90.csv: Not enough columns, skipping
2025-12-17 02:15:58,587 - INFO - Processing Engineering Drawing - Group - 9_table_91.csv
2025-12-17 02:15:58,591 - WARNING - Engineering Drawing - Group - 9_table_91.csv: Extra columns detected, trimming to first 3
2025-12-17 02:15:58,591 - INFO - Saved validated_Engineering Drawing - Group - 9_table_91.csv
2025-12-17 02:15:58,591 - INFO - Processing Engineering Drawing - Group - 9_table_92.csv
2025-12-17 02:15:58,604 - WARNING - Engineering Drawing - Group - 9_table_92.csv: Extra columns detected, trimming to first 3
2025-12-17 02:15:58,607 - INFO - Saved validated_Engineering Drawing - Group - 9_table_92.csv
2025-12-17 02:15:58,607 - INFO - Processing Engineering Drawing - Group - 9_table_93.csv
2025-12-17 02:15:58,607 - WARNING - Engineering Drawing - Group - 9_table_93.csv: Extra columns detected, trimming to first 3
2025-12-17 02:15:58,619 - INFO - Saved validated_Engineering Drawing - Group - 9_table_93.csv
2025-12-17 02:15:58,619 - INFO - Processing Engineering Drawing - Group - 9_table_94.csv
2025-12-17 02:15:58,624 - WARNING - Engineering Drawing - Group - 9_table_94.csv: Not enough columns, skipping
2025-12-17 02:15:58,624 - INFO - Processing Engineering Drawing - Group - 9_table_95.csv
2025-12-17 02:15:58,625 - WARNING - Engineering Drawing - Group - 9_table_95.csv: Extra columns detected, trimming to first 3
2025-12-17 02:15:58,633 - INFO - Saved validated_Engineering Drawing - Group - 9_table_95.csv
2025-12-17 02:15:58,633 - INFO - Processing Engineering Drawing - Group - 9_table_96.csv
2025-12-17 02:15:58,639 - WARNING - Engineering Drawing - Group - 9_table_96.csv: Extra columns detected, trimming to first 3
2025-12-17 02:15:58,639 - INFO - Saved validated_Engineering Drawing - Group - 9_table_96.csv
2025-12-17 02:15:58,639 - INFO - Processing Engineering Drawing - Group - 9_table_97.csv
2025-12-17 02:15:58,647 - WARNING - Engineering Drawing - Group - 9_table_97.csv: Extra columns detected, trimming to first 3
2025-12-17 02:15:58,655 - INFO - Saved validated_Engineering Drawing - Group - 9_table_97.csv
2025-12-17 02:15:58,655 - INFO - Processing Engineering Drawing - Group - 9_table_98.csv
2025-12-17 02:15:58,658 - WARNING - Engineering Drawing - Group - 9_table_98.csv: Not enough columns, skipping
2025-12-17 02:15:58,658 - INFO - Processing Engineering Drawing - Group - 9_table_99.csv
2025-12-17 02:15:58,658 - WARNING - Engineering Drawing - Group - 9_table_99.csv: Extra columns detected, trimming to first 3
2025-12-17 02:15:58,668 - INFO - Saved validated_Engineering Drawing - Group - 9_table_99.csv
2025-12-17 02:18:01,274 - INFO - Running extract_text.py
2025-12-17 02:18:52,536 - INFO - Running extract_tables.py
2025-12-17 02:20:53,568 - INFO - Running validate_data.py
2025-12-17 02:20:56,003 - INFO - Processing Engineering Drawing - Group - 9_table_0.csv
2025-12-17 02:20:56,057 - INFO - Saved validated_Engineering Drawing - Group - 9_table_0.csv
2025-12-17 02:20:56,057 - INFO - Processing Engineering Drawing - Group - 9_table_1.csv
2025-12-17 02:20:56,057 - INFO - Saved validated_Engineering Drawing - Group - 9_table_1.csv
2025-12-17 02:20:56,057 - INFO - Processing Engineering Drawing - Group - 9_table_10.csv
2025-12-17 02:20:56,079 - WARNING - Engineering Drawing - Group - 9_table_10.csv: Extra columns detected, trimming to first 3
2025-12-17 02:20:56,092 - INFO - Saved validated_Engineering Drawing - Group - 9_table_10.csv
2025-12-17 02:20:56,092 - INFO - Processing Engineering Drawing - Group - 9_table_100.csv
2025-12-17 02:20:56,100 - WARNING - Engineering Drawing - Group - 9_table_100.csv: Extra columns detected, trimming to first 3
2025-12-17 02:20:56,105 - INFO - Saved validated_Engineering Drawing - Group - 9_table_100.csv
2025-12-17 02:20:56,105 - INFO - Processing Engineering Drawing - Group - 9_table_101.csv
2025-12-17 02:20:56,110 - WARNING - Engineering Drawing - Group - 9_table_101.csv: Not enough columns, skipping
2025-12-17 02:20:56,113 - INFO - Processing Engineering Drawing - Group - 9_table_102.csv
2025-12-17 02:20:56,113 - INFO - Saved validated_Engineering Drawing - Group - 9_table_102.csv
2025-12-17 02:20:56,113 - INFO - Processing Engineering Drawing - Group - 9_table_103.csv
2025-12-17 02:20:56,122 - WARNING - Engineering Drawing - Group - 9_table_103.csv: Extra columns detected, trimming to first 3
2025-12-17 02:20:56,134 - INFO - Saved validated_Engineering Drawing - Group - 9_table_103.csv
2025-12-17 02:20:56,135 - INFO - Processing Engineering Drawing - Group - 9_table_104.csv
2025-12-17 02:20:56,148 - INFO - Saved validated_Engineering Drawing - Group - 9_table_104.csv
2025-12-17 02:20:56,148 - INFO - Processing Engineering Drawing - Group - 9_table_105.csv
2025-12-17 02:20:56,156 - INFO - Saved validated_Engineering Drawing - Group - 9_table_105.csv
2025-12-17 02:20:56,156 - INFO - Processing Engineering Drawing - Group - 9_table_106.csv
2025-12-17 02:20:56,161 - WARNING - Engineering Drawing - Group - 9_table_106.csv: Extra columns detected, trimming to first 3
2025-12-17 02:20:56,168 - INFO - Saved validated_Engineering Drawing - Group - 9_table_106.csv
2025-12-17 02:20:56,168 - INFO - Processing Engineering Drawing - Group - 9_table_107.csv
2025-12-17 02:20:56,174 - WARNING - Engineering Drawing - Group - 9_table_107.csv: Extra columns detected, trimming to first 3
2025-12-17 02:20:56,178 - INFO - Saved validated_Engineering Drawing - Group - 9_table_107.csv
2025-12-17 02:20:56,178 - INFO - Processing Engineering Drawing - Group - 9_table_108.csv
2025-12-17 02:20:56,185 - WARNING - Engineering Drawing - Group - 9_table_108.csv: Not enough columns, skipping
2025-12-17 02:20:56,185 - INFO - Processing Engineering Drawing - Group - 9_table_109.csv
2025-12-17 02:20:56,188 - WARNING - Engineering Drawing - Group - 9_table_109.csv: Extra columns detected, trimming to first 3
2025-12-17 02:20:56,197 - INFO - Saved validated_Engineering Drawing - Group - 9_table_109.csv
2025-12-17 02:20:56,197 - INFO - Processing Engineering Drawing - Group - 9_table_11.csv
2025-12-17 02:20:56,201 - WARNING - Engineering Drawing - Group - 9_table_11.csv: Extra columns detected, trimming to first 3
2025-12-17 02:20:56,209 - INFO - Saved validated_Engineering Drawing - Group - 9_table_11.csv
2025-12-17 02:20:56,209 - INFO - Processing Engineering Drawing - Group - 9_table_110.csv
2025-12-17 02:20:56,214 - WARNING - Engineering Drawing - Group - 9_table_110.csv: Extra columns detected, trimming to first 3
2025-12-17 02:20:56,218 - INFO - Saved validated_Engineering Drawing - Group - 9_table_110.csv
2025-12-17 02:20:56,218 - INFO - Processing Engineering Drawing - Group - 9_table_111.csv
2025-12-17 02:20:56,223 - WARNING - Engineering Drawing - Group - 9_table_111.csv: Not enough columns, skipping
2025-12-17 02:20:56,226 - INFO - Processing Engineering Drawing - Group - 9_table_112.csv
2025-12-17 02:20:56,231 - WARNING - Engineering Drawing - Group - 9_table_112.csv: Extra columns detected, trimming to first 3
2025-12-17 02:20:56,233 - INFO - Saved validated_Engineering Drawing - Group - 9_table_112.csv
2025-12-17 02:20:56,233 - INFO - Processing Engineering Drawing - Group - 9_table_113.csv
2025-12-17 02:20:56,247 - INFO - Saved validated_Engineering Drawing - Group - 9_table_113.csv
2025-12-17 02:20:56,249 - INFO - Processing Engineering Drawing - Group - 9_table_114.csv
2025-12-17 02:20:56,252 - WARNING - Engineering Drawing - Group - 9_table_114.csv: Not enough columns, skipping
2025-12-17 02:20:56,252 - INFO - Processing Engineering Drawing - Group - 9_table_115.csv
2025-12-17 02:20:56,256 - WARNING - Engineering Drawing - Group - 9_table_115.csv: Extra columns detected, trimming to first 3
2025-12-17 02:20:56,266 - INFO - Saved validated_Engineering Drawing - Group - 9_table_115.csv
2025-12-17 02:20:56,266 - INFO - Processing Engineering Drawing - Group - 9_table_116.csv
2025-12-17 02:20:56,278 - INFO - Saved validated_Engineering Drawing - Group - 9_table_116.csv
2025-12-17 02:20:56,278 - INFO - Processing Engineering Drawing - Group - 9_table_117.csv
2025-12-17 02:20:56,295 - INFO - Saved validated_Engineering Drawing - Group - 9_table_117.csv
2025-12-17 02:20:56,296 - INFO - Processing Engineering Drawing - Group - 9_table_118.csv
2025-12-17 02:20:56,301 - WARNING - Engineering Drawing - Group - 9_table_118.csv: Extra columns detected, trimming to first 3
2025-12-17 02:20:56,309 - INFO - Saved validated_Engineering Drawing - Group - 9_table_118.csv
2025-12-17 02:20:56,309 - INFO - Processing Engineering Drawing - Group - 9_table_119.csv
2025-12-17 02:20:56,309 - WARNING - Engineering Drawing - Group - 9_table_119.csv: Not enough columns, skipping
2025-12-17 02:20:56,309 - INFO - Processing Engineering Drawing - Group - 9_table_12.csv
2025-12-17 02:20:56,318 - WARNING - Engineering Drawing - Group - 9_table_12.csv: Extra columns detected, trimming to first 3
2025-12-17 02:20:56,322 - INFO - Saved validated_Engineering Drawing - Group - 9_table_12.csv
2025-12-17 02:20:56,322 - INFO - Processing Engineering Drawing - Group - 9_table_120.csv
2025-12-17 02:20:56,327 - WARNING - Engineering Drawing - Group - 9_table_120.csv: Extra columns detected, trimming to first 3
2025-12-17 02:20:56,335 - INFO - Saved validated_Engineering Drawing - Group - 9_table_120.csv
2025-12-17 02:20:56,335 - INFO - Processing Engineering Drawing - Group - 9_table_121.csv
2025-12-17 02:20:56,347 - INFO - Saved validated_Engineering Drawing - Group - 9_table_121.csv
2025-12-17 02:20:56,347 - INFO - Processing Engineering Drawing - Group - 9_table_122.csv
2025-12-17 02:20:56,347 - WARNING - Engineering Drawing - Group - 9_table_122.csv: Not enough columns, skipping
2025-12-17 02:20:56,347 - INFO - Processing Engineering Drawing - Group - 9_table_123.csv
2025-12-17 02:20:56,347 - WARNING - Engineering Drawing - Group - 9_table_123.csv: Not enough columns, skipping
2025-12-17 02:20:56,355 - INFO - Processing Engineering Drawing - Group - 9_table_124.csv
2025-12-17 02:20:56,359 - WARNING - Engineering Drawing - Group - 9_table_124.csv: Not enough columns, skipping
2025-12-17 02:20:56,359 - INFO - Processing Engineering Drawing - Group - 9_table_125.csv
2025-12-17 02:20:56,363 - WARNING - Engineering Drawing - Group - 9_table_125.csv: Extra columns detected, trimming to first 3
2025-12-17 02:20:56,363 - INFO - Saved validated_Engineering Drawing - Group - 9_table_125.csv
2025-12-17 02:20:56,363 - INFO - Processing Engineering Drawing - Group - 9_table_13.csv
2025-12-17 02:20:56,372 - WARNING - Engineering Drawing - Group - 9_table_13.csv: Extra columns detected, trimming to first 3
2025-12-17 02:20:56,381 - INFO - Saved validated_Engineering Drawing - Group - 9_table_13.csv
2025-12-17 02:20:56,383 - INFO - Processing Engineering Drawing - Group - 9_table_14.csv
2025-12-17 02:20:56,407 - INFO - Saved validated_Engineering Drawing - Group - 9_table_14.csv
2025-12-17 02:20:56,409 - INFO - Processing Engineering Drawing - Group - 9_table_15.csv
2025-12-17 02:20:56,413 - WARNING - Engineering Drawing - Group - 9_table_15.csv: Extra columns detected, trimming to first 3
2025-12-17 02:20:56,421 - INFO - Saved validated_Engineering Drawing - Group - 9_table_15.csv
2025-12-17 02:20:56,421 - INFO - Processing Engineering Drawing - Group - 9_table_16.csv
2025-12-17 02:20:56,423 - WARNING - Engineering Drawing - Group - 9_table_16.csv: Extra columns detected, trimming to first 3
2025-12-17 02:20:56,427 - INFO - Saved validated_Engineering Drawing - Group - 9_table_16.csv
2025-12-17 02:20:56,427 - INFO - Processing Engineering Drawing - Group - 9_table_17.csv
2025-12-17 02:20:56,430 - WARNING - Engineering Drawing - Group - 9_table_17.csv: Extra columns detected, trimming to first 3
2025-12-17 02:20:56,435 - INFO - Saved validated_Engineering Drawing - Group - 9_table_17.csv
2025-12-17 02:20:56,435 - INFO - Processing Engineering Drawing - Group - 9_table_18.csv
2025-12-17 02:20:56,439 - WARNING - Engineering Drawing - Group - 9_table_18.csv: Extra columns detected, trimming to first 3
2025-12-17 02:20:56,441 - INFO - Saved validated_Engineering Drawing - Group - 9_table_18.csv
2025-12-17 02:20:56,441 - INFO - Processing Engineering Drawing - Group - 9_table_19.csv
2025-12-17 02:20:56,449 - INFO - Saved validated_Engineering Drawing - Group - 9_table_19.csv
2025-12-17 02:20:56,449 - INFO - Processing Engineering Drawing - Group - 9_table_2.csv
2025-12-17 02:20:56,457 - INFO - Saved validated_Engineering Drawing - Group - 9_table_2.csv
2025-12-17 02:20:56,457 - INFO - Processing Engineering Drawing - Group - 9_table_20.csv
2025-12-17 02:20:56,466 - INFO - Saved validated_Engineering Drawing - Group - 9_table_20.csv
2025-12-17 02:20:56,468 - INFO - Processing Engineering Drawing - Group - 9_table_21.csv
2025-12-17 02:20:56,474 - INFO - Saved validated_Engineering Drawing - Group - 9_table_21.csv
2025-12-17 02:20:56,474 - INFO - Processing Engineering Drawing - Group - 9_table_22.csv
2025-12-17 02:20:56,476 - WARNING - Engineering Drawing - Group - 9_table_22.csv: Extra columns detected, trimming to first 3
2025-12-17 02:20:56,482 - INFO - Saved validated_Engineering Drawing - Group - 9_table_22.csv
2025-12-17 02:20:56,482 - INFO - Processing Engineering Drawing - Group - 9_table_23.csv
2025-12-17 02:20:56,482 - INFO - Saved validated_Engineering Drawing - Group - 9_table_23.csv
2025-12-17 02:20:56,482 - INFO - Processing Engineering Drawing - Group - 9_table_24.csv
2025-12-17 02:20:56,491 - INFO - Saved validated_Engineering Drawing - Group - 9_table_24.csv
2025-12-17 02:20:56,491 - INFO - Processing Engineering Drawing - Group - 9_table_25.csv
2025-12-17 02:20:56,499 - INFO - Saved validated_Engineering Drawing - Group - 9_table_25.csv
2025-12-17 02:20:56,499 - INFO - Processing Engineering Drawing - Group - 9_table_26.csv
2025-12-17 02:20:56,506 - WARNING - Engineering Drawing - Group - 9_table_26.csv: Extra columns detected, trimming to first 3
2025-12-17 02:20:56,509 - INFO - Saved validated_Engineering Drawing - Group - 9_table_26.csv
2025-12-17 02:20:56,509 - INFO - Processing Engineering Drawing - Group - 9_table_27.csv
2025-12-17 02:20:56,509 - WARNING - Engineering Drawing - Group - 9_table_27.csv: Not enough columns, skipping
2025-12-17 02:20:56,509 - INFO - Processing Engineering Drawing - Group - 9_table_28.csv
2025-12-17 02:20:56,516 - WARNING - Engineering Drawing - Group - 9_table_28.csv: Not enough columns, skipping
2025-12-17 02:20:56,516 - INFO - Processing Engineering Drawing - Group - 9_table_29.csv
2025-12-17 02:20:56,516 - WARNING - Engineering Drawing - Group - 9_table_29.csv: Not enough columns, skipping
2025-12-17 02:20:56,516 - INFO - Processing Engineering Drawing - Group - 9_table_3.csv
2025-12-17 02:20:56,530 - INFO - Saved validated_Engineering Drawing - Group - 9_table_3.csv
2025-12-17 02:20:56,530 - INFO - Processing Engineering Drawing - Group - 9_table_30.csv
2025-12-17 02:20:56,534 - WARNING - Engineering Drawing - Group - 9_table_30.csv: Extra columns detected, trimming to first 3
2025-12-17 02:20:56,534 - INFO - Saved validated_Engineering Drawing - Group - 9_table_30.csv
2025-12-17 02:20:56,540 - INFO - Processing Engineering Drawing - Group - 9_table_31.csv
2025-12-17 02:20:56,541 - INFO - Saved validated_Engineering Drawing - Group - 9_table_31.csv
2025-12-17 02:20:56,541 - INFO - Processing Engineering Drawing - Group - 9_table_32.csv
2025-12-17 02:20:56,541 - WARNING - Engineering Drawing - Group - 9_table_32.csv: Not enough columns, skipping
2025-12-17 02:20:56,549 - INFO - Processing Engineering Drawing - Group - 9_table_33.csv
2025-12-17 02:20:56,556 - INFO - Saved validated_Engineering Drawing - Group - 9_table_33.csv
2025-12-17 02:20:56,556 - INFO - Processing Engineering Drawing - Group - 9_table_34.csv
2025-12-17 02:20:56,560 - WARNING - Engineering Drawing - Group - 9_table_34.csv: Extra columns detected, trimming to first 3
2025-12-17 02:20:56,566 - INFO - Saved validated_Engineering Drawing - Group - 9_table_34.csv
2025-12-17 02:20:56,566 - INFO - Processing Engineering Drawing - Group - 9_table_35.csv
2025-12-17 02:20:56,568 - WARNING - Engineering Drawing - Group - 9_table_35.csv: Extra columns detected, trimming to first 3
2025-12-17 02:20:56,577 - INFO - Saved validated_Engineering Drawing - Group - 9_table_35.csv
2025-12-17 02:20:56,577 - INFO - Processing Engineering Drawing - Group - 9_table_36.csv
2025-12-17 02:20:56,583 - INFO - Saved validated_Engineering Drawing - Group - 9_table_36.csv
2025-12-17 02:20:56,583 - INFO - Processing Engineering Drawing - Group - 9_table_37.csv
2025-12-17 02:20:56,588 - WARNING - Engineering Drawing - Group - 9_table_37.csv: Not enough columns, skipping
2025-12-17 02:20:56,588 - INFO - Processing Engineering Drawing - Group - 9_table_38.csv
2025-12-17 02:20:56,588 - WARNING - Engineering Drawing - Group - 9_table_38.csv: Not enough columns, skipping
2025-12-17 02:20:56,588 - INFO - Processing Engineering Drawing - Group - 9_table_39.csv
2025-12-17 02:20:56,596 - WARNING - Engineering Drawing - Group - 9_table_39.csv: Not enough columns, skipping
2025-12-17 02:20:56,596 - INFO - Processing Engineering Drawing - Group - 9_table_4.csv
2025-12-17 02:20:56,599 - WARNING - Engineering Drawing - Group - 9_table_4.csv: Not enough columns, skipping
2025-12-17 02:20:56,599 - INFO - Processing Engineering Drawing - Group - 9_table_40.csv
2025-12-17 02:20:56,599 - WARNING - Engineering Drawing - Group - 9_table_40.csv: Not enough columns, skipping
2025-12-17 02:20:56,599 - INFO - Processing Engineering Drawing - Group - 9_table_41.csv
2025-12-17 02:20:56,599 - WARNING - Engineering Drawing - Group - 9_table_41.csv: Not enough columns, skipping
2025-12-17 02:20:56,604 - INFO - Processing Engineering Drawing - Group - 9_table_42.csv
2025-12-17 02:20:56,606 - WARNING - Engineering Drawing - Group - 9_table_42.csv: Not enough columns, skipping
2025-12-17 02:20:56,606 - INFO - Processing Engineering Drawing - Group - 9_table_43.csv
2025-12-17 02:20:56,606 - WARNING - Engineering Drawing - Group - 9_table_43.csv: Not enough columns, skipping
2025-12-17 02:20:56,606 - INFO - Processing Engineering Drawing - Group - 9_table_44.csv
2025-12-17 02:20:56,612 - WARNING - Engineering Drawing - Group - 9_table_44.csv: Not enough columns, skipping
2025-12-17 02:20:56,612 - INFO - Processing Engineering Drawing - Group - 9_table_45.csv
2025-12-17 02:20:56,614 - WARNING - Engineering Drawing - Group - 9_table_45.csv: Not enough columns, skipping
2025-12-17 02:20:56,614 - INFO - Processing Engineering Drawing - Group - 9_table_46.csv
2025-12-17 02:20:56,614 - WARNING - Engineering Drawing - Group - 9_table_46.csv: Not enough columns, skipping
2025-12-17 02:20:56,614 - INFO - Processing Engineering Drawing - Group - 9_table_47.csv
2025-12-17 02:20:56,621 - WARNING - Engineering Drawing - Group - 9_table_47.csv: Not enough columns, skipping
2025-12-17 02:20:56,622 - INFO - Processing Engineering Drawing - Group - 9_table_48.csv
2025-12-17 02:20:56,624 - WARNING - Engineering Drawing - Group - 9_table_48.csv: Not enough columns, skipping
2025-12-17 02:20:56,624 - INFO - Processing Engineering Drawing - Group - 9_table_49.csv
2025-12-17 02:20:56,630 - INFO - Saved validated_Engineering Drawing - Group - 9_table_49.csv
2025-12-17 02:20:56,630 - INFO - Processing Engineering Drawing - Group - 9_table_5.csv
2025-12-17 02:20:56,632 - WARNING - Engineering Drawing - Group - 9_table_5.csv: Extra columns detected, trimming to first 3
2025-12-17 02:20:56,637 - INFO - Saved validated_Engineering Drawing - Group - 9_table_5.csv
2025-12-17 02:20:56,637 - INFO - Processing Engineering Drawing - Group - 9_table_50.csv
2025-12-17 02:20:56,641 - WARNING - Engineering Drawing - Group - 9_table_50.csv: Not enough columns, skipping
2025-12-17 02:20:56,641 - INFO - Processing Engineering Drawing - Group - 9_table_51.csv
2025-12-17 02:20:56,651 - INFO - Saved validated_Engineering Drawing - Group - 9_table_51.csv
2025-12-17 02:20:56,651 - INFO - Processing Engineering Drawing - Group - 9_table_52.csv
2025-12-17 02:20:56,654 - INFO - Saved validated_Engineering Drawing - Group - 9_table_52.csv
2025-12-17 02:20:56,654 - INFO - Processing Engineering Drawing - Group - 9_table_53.csv
2025-12-17 02:20:56,660 - INFO - Saved validated_Engineering Drawing - Group - 9_table_53.csv
2025-12-17 02:20:56,660 - INFO - Processing Engineering Drawing - Group - 9_table_54.csv
2025-12-17 02:20:56,668 - INFO - Saved validated_Engineering Drawing - Group - 9_table_54.csv
2025-12-17 02:20:56,668 - INFO - Processing Engineering Drawing - Group - 9_table_55.csv
2025-12-17 02:20:56,683 - INFO - Saved validated_Engineering Drawing - Group - 9_table_55.csv
2025-12-17 02:20:56,683 - INFO - Processing Engineering Drawing - Group - 9_table_56.csv
2025-12-17 02:20:56,686 - WARNING - Engineering Drawing - Group - 9_table_56.csv: Extra columns detected, trimming to first 3
2025-12-17 02:20:56,686 - INFO - Saved validated_Engineering Drawing - Group - 9_table_56.csv
2025-12-17 02:20:56,686 - INFO - Processing Engineering Drawing - Group - 9_table_57.csv
2025-12-17 02:20:56,699 - WARNING - Engineering Drawing - Group - 9_table_57.csv: Extra columns detected, trimming to first 3
2025-12-17 02:20:56,706 - INFO - Saved validated_Engineering Drawing - Group - 9_table_57.csv
2025-12-17 02:20:56,706 - INFO - Processing Engineering Drawing - Group - 9_table_58.csv
2025-12-17 02:20:56,711 - WARNING - Engineering Drawing - Group - 9_table_58.csv: Not enough columns, skipping
2025-12-17 02:20:56,711 - INFO - Processing Engineering Drawing - Group - 9_table_59.csv
2025-12-17 02:20:56,720 - INFO - Saved validated_Engineering Drawing - Group - 9_table_59.csv
2025-12-17 02:20:56,720 - INFO - Processing Engineering Drawing - Group - 9_table_6.csv
2025-12-17 02:20:56,730 - WARNING - Engineering Drawing - Group - 9_table_6.csv: Extra columns detected, trimming to first 3
2025-12-17 02:20:56,735 - INFO - Saved validated_Engineering Drawing - Group - 9_table_6.csv
2025-12-17 02:20:56,735 - INFO - Processing Engineering Drawing - Group - 9_table_60.csv
2025-12-17 02:20:56,738 - WARNING - Engineering Drawing - Group - 9_table_60.csv: Not enough columns, skipping
2025-12-17 02:20:56,738 - INFO - Processing Engineering Drawing - Group - 9_table_61.csv
2025-12-17 02:20:56,746 - INFO - Saved validated_Engineering Drawing - Group - 9_table_61.csv
2025-12-17 02:20:56,747 - INFO - Processing Engineering Drawing - Group - 9_table_62.csv
2025-12-17 02:20:56,749 - WARNING - Engineering Drawing - Group - 9_table_62.csv: Extra columns detected, trimming to first 3
2025-12-17 02:20:56,753 - INFO - Saved validated_Engineering Drawing - Group - 9_table_62.csv
2025-12-17 02:20:56,753 - INFO - Processing Engineering Drawing - Group - 9_table_63.csv
2025-12-17 02:20:56,755 - WARNING - Engineering Drawing - Group - 9_table_63.csv: Extra columns detected, trimming to first 3
2025-12-17 02:20:56,763 - INFO - Saved validated_Engineering Drawing - Group - 9_table_63.csv
2025-12-17 02:20:56,763 - INFO - Processing Engineering Drawing - Group - 9_table_64.csv
2025-12-17 02:20:56,773 - INFO - Saved validated_Engineering Drawing - Group - 9_table_64.csv
2025-12-17 02:20:56,774 - INFO - Processing Engineering Drawing - Group - 9_table_65.csv
2025-12-17 02:20:56,776 - WARNING - Engineering Drawing - Group - 9_table_65.csv: Extra columns detected, trimming to first 3
2025-12-17 02:20:56,780 - INFO - Saved validated_Engineering Drawing - Group - 9_table_65.csv
2025-12-17 02:20:56,780 - INFO - Processing Engineering Drawing - Group - 9_table_66.csv
2025-12-17 02:20:56,787 - WARNING - Engineering Drawing - Group - 9_table_66.csv: Extra columns detected, trimming to first 3
2025-12-17 02:20:56,792 - INFO - Saved validated_Engineering Drawing - Group - 9_table_66.csv
2025-12-17 02:20:56,792 - INFO - Processing Engineering Drawing - Group - 9_table_67.csv
2025-12-17 02:20:56,796 - WARNING - Engineering Drawing - Group - 9_table_67.csv: Extra columns detected, trimming to first 3
2025-12-17 02:20:56,798 - INFO - Saved validated_Engineering Drawing - Group - 9_table_67.csv
2025-12-17 02:20:56,798 - INFO - Processing Engineering Drawing - Group - 9_table_68.csv
2025-12-17 02:20:56,804 - INFO - Saved validated_Engineering Drawing - Group - 9_table_68.csv
2025-12-17 02:20:56,811 - INFO - Processing Engineering Drawing - Group - 9_table_69.csv
2025-12-17 02:20:56,812 - WARNING - Engineering Drawing - Group - 9_table_69.csv: Not enough columns, skipping
2025-12-17 02:20:56,812 - INFO - Processing Engineering Drawing - Group - 9_table_7.csv
2025-12-17 02:20:56,821 - INFO - Saved validated_Engineering Drawing - Group - 9_table_7.csv
2025-12-17 02:20:56,821 - INFO - Processing Engineering Drawing - Group - 9_table_70.csv
2025-12-17 02:20:56,823 - WARNING - Engineering Drawing - Group - 9_table_70.csv: Not enough columns, skipping
2025-12-17 02:20:56,825 - INFO - Processing Engineering Drawing - Group - 9_table_71.csv
2025-12-17 02:20:56,831 - INFO - Saved validated_Engineering Drawing - Group - 9_table_71.csv
2025-12-17 02:20:56,831 - INFO - Processing Engineering Drawing - Group - 9_table_72.csv
2025-12-17 02:20:56,834 - WARNING - Engineering Drawing - Group - 9_table_72.csv: Not enough columns, skipping
2025-12-17 02:20:56,834 - INFO - Processing Engineering Drawing - Group - 9_table_73.csv
2025-12-17 02:20:56,840 - WARNING - Engineering Drawing - Group - 9_table_73.csv: Extra columns detected, trimming to first 3
2025-12-17 02:20:56,846 - INFO - Saved validated_Engineering Drawing - Group - 9_table_73.csv
2025-12-17 02:20:56,846 - INFO - Processing Engineering Drawing - Group - 9_table_74.csv
2025-12-17 02:20:56,848 - WARNING - Engineering Drawing - Group - 9_table_74.csv: Extra columns detected, trimming to first 3
2025-12-17 02:20:56,855 - INFO - Saved validated_Engineering Drawing - Group - 9_table_74.csv
2025-12-17 02:20:56,855 - INFO - Processing Engineering Drawing - Group - 9_table_75.csv
2025-12-17 02:20:56,863 - INFO - Saved validated_Engineering Drawing - Group - 9_table_75.csv
2025-12-17 02:20:56,863 - INFO - Processing Engineering Drawing - Group - 9_table_76.csv
2025-12-17 02:20:56,867 - WARNING - Engineering Drawing - Group - 9_table_76.csv: Not enough columns, skipping
2025-12-17 02:20:56,867 - INFO - Processing Engineering Drawing - Group - 9_table_77.csv
2025-12-17 02:20:56,869 - WARNING - Engineering Drawing - Group - 9_table_77.csv: Not enough columns, skipping
2025-12-17 02:20:56,869 - INFO - Processing Engineering Drawing - Group - 9_table_78.csv
2025-12-17 02:20:56,871 - WARNING - Engineering Drawing - Group - 9_table_78.csv: Extra columns detected, trimming to first 3
2025-12-17 02:20:56,878 - INFO - Saved validated_Engineering Drawing - Group - 9_table_78.csv
2025-12-17 02:20:56,878 - INFO - Processing Engineering Drawing - Group - 9_table_79.csv
2025-12-17 02:20:56,880 - WARNING - Engineering Drawing - Group - 9_table_79.csv: Extra columns detected, trimming to first 3
2025-12-17 02:20:56,880 - INFO - Saved validated_Engineering Drawing - Group - 9_table_79.csv
2025-12-17 02:20:56,880 - INFO - Processing Engineering Drawing - Group - 9_table_8.csv
2025-12-17 02:20:56,889 - WARNING - Engineering Drawing - Group - 9_table_8.csv: Extra columns detected, trimming to first 3
2025-12-17 02:20:56,893 - INFO - Saved validated_Engineering Drawing - Group - 9_table_8.csv
2025-12-17 02:20:56,893 - INFO - Processing Engineering Drawing - Group - 9_table_80.csv
2025-12-17 02:20:56,904 - INFO - Saved validated_Engineering Drawing - Group - 9_table_80.csv
2025-12-17 02:20:56,904 - INFO - Processing Engineering Drawing - Group - 9_table_81.csv
2025-12-17 02:20:56,906 - WARNING - Engineering Drawing - Group - 9_table_81.csv: Extra columns detected, trimming to first 3
2025-12-17 02:20:56,917 - INFO - Saved validated_Engineering Drawing - Group - 9_table_81.csv
2025-12-17 02:20:56,917 - INFO - Processing Engineering Drawing - Group - 9_table_82.csv
2025-12-17 02:20:56,932 - INFO - Saved validated_Engineering Drawing - Group - 9_table_82.csv
2025-12-17 02:20:56,932 - INFO - Processing Engineering Drawing - Group - 9_table_83.csv
2025-12-17 02:20:56,936 - WARNING - Engineering Drawing - Group - 9_table_83.csv: Extra columns detected, trimming to first 3
2025-12-17 02:20:56,945 - INFO - Saved validated_Engineering Drawing - Group - 9_table_83.csv
2025-12-17 02:20:56,945 - INFO - Processing Engineering Drawing - Group - 9_table_84.csv
2025-12-17 02:20:56,956 - WARNING - Engineering Drawing - Group - 9_table_84.csv: Extra columns detected, trimming to first 3
2025-12-17 02:20:56,963 - INFO - Saved validated_Engineering Drawing - Group - 9_table_84.csv
2025-12-17 02:20:56,963 - INFO - Processing Engineering Drawing - Group - 9_table_85.csv
2025-12-17 02:20:56,967 - WARNING - Engineering Drawing - Group - 9_table_85.csv: Not enough columns, skipping
2025-12-17 02:20:56,969 - INFO - Processing Engineering Drawing - Group - 9_table_86.csv
2025-12-17 02:20:56,972 - WARNING - Engineering Drawing - Group - 9_table_86.csv: Extra columns detected, trimming to first 3
2025-12-17 02:20:56,980 - INFO - Saved validated_Engineering Drawing - Group - 9_table_86.csv
2025-12-17 02:20:56,980 - INFO - Processing Engineering Drawing - Group - 9_table_87.csv
2025-12-17 02:20:56,997 - INFO - Saved validated_Engineering Drawing - Group - 9_table_87.csv
2025-12-17 02:20:56,997 - INFO - Processing Engineering Drawing - Group - 9_table_88.csv
2025-12-17 02:20:57,001 - WARNING - Engineering Drawing - Group - 9_table_88.csv: Extra columns detected, trimming to first 3
2025-12-17 02:20:57,005 - INFO - Saved validated_Engineering Drawing - Group - 9_table_88.csv
2025-12-17 02:20:57,005 - INFO - Processing Engineering Drawing - Group - 9_table_89.csv
2025-12-17 02:20:57,009 - WARNING - Engineering Drawing - Group - 9_table_89.csv: Extra columns detected, trimming to first 3
2025-12-17 02:20:57,009 - INFO - Saved validated_Engineering Drawing - Group - 9_table_89.csv
2025-12-17 02:20:57,009 - INFO - Processing Engineering Drawing - Group - 9_table_9.csv
2025-12-17 02:20:57,018 - WARNING - Engineering Drawing - Group - 9_table_9.csv: Not enough columns, skipping
2025-12-17 02:20:57,019 - INFO - Processing Engineering Drawing - Group - 9_table_90.csv
2025-12-17 02:20:57,019 - WARNING - Engineering Drawing - Group - 9_table_90.csv: Not enough columns, skipping
2025-12-17 02:20:57,019 - INFO - Processing Engineering Drawing - Group - 9_table_91.csv
2025-12-17 02:20:57,027 - WARNING - Engineering Drawing - Group - 9_table_91.csv: Extra columns detected, trimming to first 3
2025-12-17 02:20:57,053 - INFO - Saved validated_Engineering Drawing - Group - 9_table_91.csv
2025-12-17 02:20:57,053 - INFO - Processing Engineering Drawing - Group - 9_table_92.csv
2025-12-17 02:20:57,053 - WARNING - Engineering Drawing - Group - 9_table_92.csv: Extra columns detected, trimming to first 3
2025-12-17 02:20:57,053 - INFO - Saved validated_Engineering Drawing - Group - 9_table_92.csv
2025-12-17 02:20:57,053 - INFO - Processing Engineering Drawing - Group - 9_table_93.csv
2025-12-17 02:20:57,065 - WARNING - Engineering Drawing - Group - 9_table_93.csv: Extra columns detected, trimming to first 3
2025-12-17 02:20:57,065 - INFO - Saved validated_Engineering Drawing - Group - 9_table_93.csv
2025-12-17 02:20:57,073 - INFO - Processing Engineering Drawing - Group - 9_table_94.csv
2025-12-17 02:20:57,076 - WARNING - Engineering Drawing - Group - 9_table_94.csv: Not enough columns, skipping
2025-12-17 02:20:57,076 - INFO - Processing Engineering Drawing - Group - 9_table_95.csv
2025-12-17 02:20:57,083 - WARNING - Engineering Drawing - Group - 9_table_95.csv: Extra columns detected, trimming to first 3
2025-12-17 02:20:57,099 - INFO - Saved validated_Engineering Drawing - Group - 9_table_95.csv
2025-12-17 02:20:57,099 - INFO - Processing Engineering Drawing - Group - 9_table_96.csv
2025-12-17 02:20:57,102 - WARNING - Engineering Drawing - Group - 9_table_96.csv: Extra columns detected, trimming to first 3
2025-12-17 02:20:57,105 - INFO - Saved validated_Engineering Drawing - Group - 9_table_96.csv
2025-12-17 02:20:57,105 - INFO - Processing Engineering Drawing - Group - 9_table_97.csv
2025-12-17 02:20:57,118 - WARNING - Engineering Drawing - Group - 9_table_97.csv: Extra columns detected, trimming to first 3
2025-12-17 02:20:57,131 - INFO - Saved validated_Engineering Drawing - Group - 9_table_97.csv
2025-12-17 02:20:57,131 - INFO - Processing Engineering Drawing - Group - 9_table_98.csv
2025-12-17 02:20:57,142 - WARNING - Engineering Drawing - Group - 9_table_98.csv: Not enough columns, skipping
2025-12-17 02:20:57,144 - INFO - Processing Engineering Drawing - Group - 9_table_99.csv
2025-12-17 02:20:57,168 - WARNING - Engineering Drawing - Group - 9_table_99.csv: Extra columns detected, trimming to first 3
2025-12-17 02:20:57,189 - INFO - Saved validated_Engineering Drawing - Group - 9_table_99.csv
